<?xml version="1.0" encoding="UTF-8"?>
<testsuite xmlns:xsi="http://www.w3.org/2001/XMLSchema-instance" xsi:noNamespaceSchemaLocation="https://maven.apache.org/surefire/maven-surefire-plugin/xsd/surefire-test-report.xsd" version="3.0.2" name="com.banco.ContaTest" time="0.124" tests="10" errors="0" skipped="0" failures="0">
  <properties>
[...]
</properties>
  <testcase name="SacarValorSeHouverSaldoSuficiente" classname="com.banco.ContaTest" time="0.038"/>
  <testcase name="DepositarESacarComMultiplasOperacoes" classname="com.banco.ContaTest" time="0.001"/>
  <testcase name="DepositarValorPositivoEAtualizarSaldo" classname="com.banco.ContaTest" time="0.003"/>
  <testcase name="naoDevePermitirSaqueDeValorZero" classname="com.banco.ContaTest" time="0.012"/>
  <testcase name="SaqueDoValorExatoDoSaldoDeixandoContaZerada" classname="com.banco.ContaTest" time="0.003"/>
  <testcase name="naoDevePermitirSaqueComSaldoInsuficiente" classname="com.banco.ContaTest" time="0.001"/>
  <testcase name="LancarExcecaoAoTentarSacarValorNegativo" classname="com.banco.ContaTest" time="0.002"/>
  <testcase name="naoDevePermitirDepositoDeValorZero" classname="com.banco.ContaTest" time="0.001"/>
  <testcase name="naoDevePermitirDepositoDeValorNegativo" classname="com.banco.ContaTest" time="0.001"/>
  <testcase name="SaldoInicialZeroParaNovoConta" classname="com.banco.ContaTest" time="0.001"/>
</testsuite>